<?xml version="1.0" encoding="UTF-8"?>
<testng-results skipped="0" failed="0" ignored="0" total="1" passed="1">
  <reporter-output>
  </reporter-output>
  <suite name="Suite" duration-ms="25551" started-at="2019-04-18T17:43:42Z" finished-at="2019-04-18T17:44:07Z">
    <groups>
    </groups>
    <test name="Test" duration-ms="25551" started-at="2019-04-18T17:43:42Z" finished-at="2019-04-18T17:44:07Z">
      <class name="test.NewTest">
        <test-method status="PASS" signature="beforeClass()[pri:0, instance:test.NewTest@523884b2]" name="beforeClass" is-config="true" duration-ms="2822" started-at="2019-04-18T17:43:42Z" finished-at="2019-04-18T17:43:44Z">
          <reporter-output>
          </reporter-output>
        </test-method> <!-- beforeClass -->
        <test-method status="PASS" signature="openMyBlog()[pri:0, instance:test.NewTest@523884b2]" name="openMyBlog" duration-ms="22090" started-at="2019-04-18T17:43:44Z" finished-at="2019-04-18T17:44:06Z">
          <reporter-output>
          </reporter-output>
        </test-method> <!-- openMyBlog -->
        <test-method status="PASS" signature="afterClass()[pri:0, instance:test.NewTest@523884b2]" name="afterClass" is-config="true" duration-ms="619" started-at="2019-04-18T17:44:06Z" finished-at="2019-04-18T17:44:07Z">
          <reporter-output>
          </reporter-output>
        </test-method> <!-- afterClass -->
      </class> <!-- test.NewTest -->
    </test> <!-- Test -->
  </suite> <!-- Suite -->
</testng-results>
